<?xml version="1.0" encoding="UTF-8"?>
<!-- Generated by org.testng.reporters.JUnitXMLReporter -->
<testsuite ignored="1" hostname="ETHAN_ALEX" failures="0" tests="1" name="Test 2" time="14.567" errors="0" timestamp="2025-02-27T17:48:20 IST">
  <testcase classname="testscripts.ManageFooterTextTest" name="verifyThatAdminCanEditTheDetails" time="4.492"/>
  <testcase classname="testscripts.ManageFooterTextTest" name="checkWhetherUpdateButtonIsPresent" time="0.0">
    <ignored/>
  </testcase> <!-- checkWhetherUpdateButtonIsPresent -->
</testsuite> <!-- Test 2 -->
