<?xml version="1.0" encoding="UTF-8"?>
<!-- Generated by org.testng.reporters.JUnitXMLReporter -->
<testsuite ignored="1" hostname="ETHAN_ALEX" failures="0" tests="1" name="Test 2" time="16.313" errors="0" timestamp="2025-02-25T14:45:58 IST">
  <testcase classname="testscripts.ManageFooterTextTest" name="verifyThatAdminCanEditTheDetails" time="5.283"/>
  <testcase classname="testscripts.ManageFooterTextTest" name="checkWhetherUpdateButtonIsPresent" time="0.0">
    <ignored/>
  </testcase> <!-- checkWhetherUpdateButtonIsPresent -->
</testsuite> <!-- Test 2 -->
