<?xml version="1.0" encoding="UTF-8"?>
<testng-results ignored="0" total="2" passed="2" failed="0" skipped="0">
  <reporter-output>
  </reporter-output>
  <suite started-at="2025-02-27T00:31:44 IST" name="Suite" finished-at="2025-02-27T00:32:05 IST" duration-ms="20183">
    <groups>
    </groups>
    <test started-at="2025-02-27T00:31:44 IST" name="EdgeTest" finished-at="2025-02-27T00:31:56 IST" duration-ms="11411">
      <class name="testscripts.LogoutTest">
        <test-method is-config="true" signature="initializeBrowser(java.lang.String)[pri:0, instance:testscripts.LogoutTest@4d15107f]" started-at="2025-02-27T00:31:44 IST" name="initializeBrowser" finished-at="2025-02-27T00:31:54 IST" duration-ms="9165" status="PASS">
          <params>
            <param index="0">
              <value>
                <![CDATA[Edge]]>
              </value>
            </param>
          </params>
          <reporter-output>
          </reporter-output>
        </test-method> <!-- initializeBrowser -->
        <test-method signature="checkWhetherAdminCanLogoutSuccessfully()[pri:0, instance:testscripts.LogoutTest@4d15107f]" started-at="2025-02-27T00:31:54 IST" name="checkWhetherAdminCanLogoutSuccessfully" description="TEST FOR CHECKING WHETHER THE ADMIN CAN LOGOUT SUCCESSFULLY" finished-at="2025-02-27T00:31:56 IST" duration-ms="2205" status="PASS">
          <reporter-output>
          </reporter-output>
        </test-method> <!-- checkWhetherAdminCanLogoutSuccessfully -->
        <test-method is-config="true" signature="browserQuit(org.testng.ITestResult)[pri:0, instance:testscripts.LogoutTest@4d15107f]" started-at="2025-02-27T00:31:56 IST" name="browserQuit" finished-at="2025-02-27T00:31:56 IST" duration-ms="1" status="PASS">
          <params>
            <param index="0">
              <value>
                <![CDATA[[TestResult name=checkWhetherAdminCanLogoutSuccessfully status=SUCCESS method=LogoutTest.checkWhetherAdminCanLogoutSuccessfully()[pri:0, instance:testscripts.LogoutTest@4d15107f] output={null}]]]>
              </value>
            </param>
          </params>
          <reporter-output>
          </reporter-output>
        </test-method> <!-- browserQuit -->
      </class> <!-- testscripts.LogoutTest -->
    </test> <!-- EdgeTest -->
    <test started-at="2025-02-27T00:31:56 IST" name="ChromeTest" finished-at="2025-02-27T00:32:05 IST" duration-ms="8525">
      <class name="testscripts.LogoutTest">
        <test-method is-config="true" signature="initializeBrowser(java.lang.String)[pri:0, instance:testscripts.LogoutTest@2fb0623e]" started-at="2025-02-27T00:31:56 IST" name="initializeBrowser" finished-at="2025-02-27T00:32:03 IST" duration-ms="6983" status="PASS">
          <params>
            <param index="0">
              <value>
                <![CDATA[Chrome]]>
              </value>
            </param>
          </params>
          <reporter-output>
          </reporter-output>
        </test-method> <!-- initializeBrowser -->
        <test-method signature="checkWhetherAdminCanLogoutSuccessfully()[pri:0, instance:testscripts.LogoutTest@2fb0623e]" started-at="2025-02-27T00:32:03 IST" name="checkWhetherAdminCanLogoutSuccessfully" description="TEST FOR CHECKING WHETHER THE ADMIN CAN LOGOUT SUCCESSFULLY" finished-at="2025-02-27T00:32:05 IST" duration-ms="1537" status="PASS">
          <reporter-output>
          </reporter-output>
        </test-method> <!-- checkWhetherAdminCanLogoutSuccessfully -->
        <test-method is-config="true" signature="browserQuit(org.testng.ITestResult)[pri:0, instance:testscripts.LogoutTest@2fb0623e]" started-at="2025-02-27T00:32:05 IST" name="browserQuit" finished-at="2025-02-27T00:32:05 IST" duration-ms="1" status="PASS">
          <params>
            <param index="0">
              <value>
                <![CDATA[[TestResult name=checkWhetherAdminCanLogoutSuccessfully status=SUCCESS method=LogoutTest.checkWhetherAdminCanLogoutSuccessfully()[pri:0, instance:testscripts.LogoutTest@2fb0623e] output={null}]]]>
              </value>
            </param>
          </params>
          <reporter-output>
          </reporter-output>
        </test-method> <!-- browserQuit -->
      </class> <!-- testscripts.LogoutTest -->
    </test> <!-- ChromeTest -->
  </suite> <!-- Suite -->
</testng-results>
