<?xml version="1.0" encoding="UTF-8"?>
<testng-results ignored="0" total="1" passed="1" failed="0" skipped="0">
  <reporter-output>
  </reporter-output>
  <suite started-at="2025-02-27T14:36:19 IST" name="Suite" finished-at="2025-02-27T14:36:33 IST" duration-ms="14419">
    <groups>
    </groups>
    <test started-at="2025-02-27T14:36:19 IST" name="Test" finished-at="2025-02-27T14:36:33 IST" duration-ms="14419">
      <class name="testscripts.LogoutTest">
        <test-method is-config="true" signature="initializeBrowser(java.lang.String)[pri:0, instance:testscripts.LogoutTest@470734c3]" started-at="2025-02-27T14:36:19 IST" name="initializeBrowser" finished-at="2025-02-27T14:36:29 IST" duration-ms="10175" status="PASS">
          <params>
            <param index="0">
              <value>
                <![CDATA[Edge]]>
              </value>
            </param>
          </params>
          <reporter-output>
          </reporter-output>
        </test-method> <!-- initializeBrowser -->
        <test-method signature="checkWhetherAdminCanLogoutSuccessfully()[pri:0, instance:testscripts.LogoutTest@470734c3]" started-at="2025-02-27T14:36:29 IST" name="checkWhetherAdminCanLogoutSuccessfully" description="TEST FOR CHECKING WHETHER THE ADMIN CAN LOGOUT SUCCESSFULLY" finished-at="2025-02-27T14:36:33 IST" duration-ms="4173" status="PASS">
          <reporter-output>
          </reporter-output>
        </test-method> <!-- checkWhetherAdminCanLogoutSuccessfully -->
        <test-method is-config="true" signature="browserQuit(org.testng.ITestResult)[pri:0, instance:testscripts.LogoutTest@470734c3]" started-at="2025-02-27T14:36:33 IST" name="browserQuit" finished-at="2025-02-27T14:36:33 IST" duration-ms="2" status="PASS">
          <params>
            <param index="0">
              <value>
                <![CDATA[[TestResult name=checkWhetherAdminCanLogoutSuccessfully status=SUCCESS method=LogoutTest.checkWhetherAdminCanLogoutSuccessfully()[pri:0, instance:testscripts.LogoutTest@470734c3] output={null}]]]>
              </value>
            </param>
          </params>
          <reporter-output>
          </reporter-output>
        </test-method> <!-- browserQuit -->
      </class> <!-- testscripts.LogoutTest -->
    </test> <!-- Test -->
  </suite> <!-- Suite -->
</testng-results>
